#
# There is insufficient memory for the Java Runtime Environment to continue.
# Native memory allocation (mmap) failed to map 268435456 bytes for Failed to commit area from 0x0000000701e00000 to 0x0000000711e00000 of length 268435456.
# Possible reasons:
#   The system is out of physical RAM or swap space
#   The process is running with CompressedOops enabled, and the Java Heap may be blocking the growth of the native heap
# Possible solutions:
#   Reduce memory load on the system
#   Increase physical memory or swap space
#   Check if swap backing store is full
#   Decrease Java heap size (-Xmx/-Xms)
#   Decrease number of Java threads
#   Decrease Java thread stack sizes (-Xss)
#   Set larger code cache with -XX:ReservedCodeCacheSize=
# This output file may be truncated or incomplete.
#
#  Out of Memory Error (./src/hotspot/os/windows/os_windows.cpp:3619), pid=9524, tid=23312
#
# JRE version:  (11.0.13) (build )
# Java VM: OpenJDK 64-Bit Server VM (11.0.13+0-b1751.21-8125866, mixed mode, sharing, tiered, compressed oops, g1 gc, windows-amd64)
# No core dump will be written. Minidumps are not enabled by default on client versions of Windows
#

---------------  S U M M A R Y ------------

Command Line: git4idea.http.GitAskPassApp Password for 'https://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@github.com': 

Host: Intel(R) Core(TM) i5-8300H CPU @ 2.30GHz, 8 cores, 15G,  Windows 11 , 64 bit Build 22000 (10.0.22000.1219)
Time: Sun Nov 27 15:31:31 2022 SE Asia Standard Time elapsed time: 0.009837 seconds (0d 0h 0m 0s)

---------------  T H R E A D  ---------------

Current thread (0x00000228accd2000):  JavaThread "Unknown thread" [_thread_in_vm, id=23312, stack(0x000000b61ad00000,0x000000b61ae00000)]

Stack: [0x000000b61ad00000,0x000000b61ae00000]
Native frames: (J=compiled Java code, j=interpreted, Vv=VM code, C=native code)
V  [jvm.dll+0x6100fa]
V  [jvm.dll+0x747090]
V  [jvm.dll+0x7486ad]
V  [jvm.dll+0x748d83]
V  [jvm.dll+0x24ab48]
V  [jvm.dll+0x60d164]
V  [jvm.dll+0x601e75]
V  [jvm.dll+0x308bdb]
V  [jvm.dll+0x308b4a]
V  [jvm.dll+0x308a22]
V  [jvm.dll+0x30d986]
V  [jvm.dll+0x357093]
V  [jvm.dll+0x357796]
V  [jvm.dll+0x357193]
V  [jvm.dll+0x2e3448]
V  [jvm.dll+0x2e45f7]
V  [jvm.dll+0x7242e7]
V  [jvm.dll+0x725adc]
V  [jvm.dll+0x364629]
V  [jvm.dll+0x707cee]
V  [jvm.dll+0x3d2633]
V  [jvm.dll+0x3d4a21]
C  [jli.dll+0x536b]
C  [ucrtbase.dll+0x26c0c]
C  [KERNEL32.DLL+0x15550]
C  [ntdll.dll+0x485b]


---------------  P R O C E S S  ---------------

Threads class SMR info:
_java_thread_list=0x00000228aaa570a0, length=0, elements={
}

Java Threads: ( => current thread )

Other Threads:
  0x00000228accec000 GCTaskThread "GC Thread#0" [stack: 0x000000b61ae00000,0x000000b61af00000] [id=25240]
  0x00000228acd49800 ConcurrentGCThread "G1 Main Marker" [stack: 0x000000b61af00000,0x000000b61b000000] [id=15892]
  0x00000228acd4b800 ConcurrentGCThread "G1 Conc#0" [stack: 0x000000b61b000000,0x000000b61b100000] [id=5948]

[error occurred during error reporting (printing all threads), id 0xc0000005, EXCEPTION_ACCESS_VIOLATION (0xc0000005) at pc=0x00007ff83c433dd7]

VM state:not at safepoint (not fully initialized)

VM Mutex/Monitor currently owned by a thread:  ([mutex/lock_event])
[0x00000228accce470] Heap_lock - owner thread: 0x00000228accd2000

Heap address: 0x0000000701e00000, size: 4066 MB, Compressed Oops mode: Non-zero based: 0x0000000701e00000
Narrow klass base: 0x0000000000000000, Narrow klass shift: 0

GC Heap History (0 events):
No events

Deoptimization events (0 events):
No events

Classes redefined (0 events):
No events

Internal exceptions (0 events):
No events

Events (1 events):
Event: 0.005 Loaded shared library C:\Program Files\Android\Android Studio\jre\bin\zip.dll


Dynamic libraries:
0x00007ff6dbde0000 - 0x00007ff6dbdea000 	C:\Program Files\Android\Android Studio\jre\bin\java.exe
0x00007ff8f8d20000 - 0x00007ff8f8f29000 	C:\WINDOWS\SYSTEM32\ntdll.dll
0x00007ff8f7a00000 - 0x00007ff8f7abe000 	C:\WINDOWS\System32\KERNEL32.DLL
0x00007ff8f6400000 - 0x00007ff8f677b000 	C:\WINDOWS\System32\KERNELBASE.dll
0x00007ff8f6a50000 - 0x00007ff8f6b61000 	C:\WINDOWS\System32\ucrtbase.dll
0x00007ff8da980000 - 0x00007ff8da999000 	C:\Program Files\Android\Android Studio\jre\bin\jli.dll
0x00007ff8da900000 - 0x00007ff8da917000 	C:\Program Files\Android\Android Studio\jre\bin\VCRUNTIME140.dll
0x00007ff8f7ae0000 - 0x00007ff8f7c8d000 	C:\WINDOWS\System32\USER32.dll
0x00007ff8dd5b0000 - 0x00007ff8dd855000 	C:\WINDOWS\WinSxS\amd64_microsoft.windows.common-controls_6595b64144ccf1df_6.0.22000.120_none_9d947278b86cc467\COMCTL32.dll
0x00007ff8f6b70000 - 0x00007ff8f6b96000 	C:\WINDOWS\System32\win32u.dll
0x00007ff8f7800000 - 0x00007ff8f78a3000 	C:\WINDOWS\System32\msvcrt.dll
0x00007ff8f8a40000 - 0x00007ff8f8a69000 	C:\WINDOWS\System32\GDI32.dll
0x00007ff8f62e0000 - 0x00007ff8f63f8000 	C:\WINDOWS\System32\gdi32full.dll
0x00007ff8f69b0000 - 0x00007ff8f6a4d000 	C:\WINDOWS\System32\msvcp_win.dll
0x00007ff8f8240000 - 0x00007ff8f8272000 	C:\WINDOWS\System32\IMM32.DLL
0x00007ff8c44f0000 - 0x00007ff8c458d000 	C:\Program Files\Android\Android Studio\jre\bin\msvcp140.dll
0x00007ff83c140000 - 0x00007ff83cc42000 	C:\Program Files\Android\Android Studio\jre\bin\server\jvm.dll
0x00007ff8f6ba0000 - 0x00007ff8f6c4e000 	C:\WINDOWS\System32\ADVAPI32.dll
0x00007ff8f72f0000 - 0x00007ff8f738e000 	C:\WINDOWS\System32\sechost.dll
0x00007ff8f8080000 - 0x00007ff8f81a0000 	C:\WINDOWS\System32\RPCRT4.dll
0x00007ff8f7ac0000 - 0x00007ff8f7ac8000 	C:\WINDOWS\System32\PSAPI.DLL
0x00007ff8ef500000 - 0x00007ff8ef509000 	C:\WINDOWS\SYSTEM32\WSOCK32.dll
0x00007ff8eec40000 - 0x00007ff8eec4a000 	C:\WINDOWS\SYSTEM32\VERSION.dll
0x00007ff8ef320000 - 0x00007ff8ef353000 	C:\WINDOWS\SYSTEM32\WINMM.dll
0x00007ff8f6cd0000 - 0x00007ff8f6d3f000 	C:\WINDOWS\System32\WS2_32.dll
0x00007ff8f5360000 - 0x00007ff8f5378000 	C:\WINDOWS\SYSTEM32\kernel.appcore.dll
0x00007ff8efaf0000 - 0x00007ff8efb01000 	C:\Program Files\Android\Android Studio\jre\bin\verify.dll
0x00007ff8f3810000 - 0x00007ff8f3a31000 	C:\WINDOWS\SYSTEM32\DBGHELP.DLL
0x00007ff8d8080000 - 0x00007ff8d80b1000 	C:\WINDOWS\SYSTEM32\dbgcore.DLL
0x00007ff8f61f0000 - 0x00007ff8f626f000 	C:\WINDOWS\System32\bcryptPrimitives.dll
0x00007ff8e27a0000 - 0x00007ff8e27c9000 	C:\Program Files\Android\Android Studio\jre\bin\java.dll
0x00007ff8f15b0000 - 0x00007ff8f15bb000 	C:\Program Files\Android\Android Studio\jre\bin\jimage.dll
0x00007ff8e2780000 - 0x00007ff8e2798000 	C:\Program Files\Android\Android Studio\jre\bin\zip.dll

dbghelp: loaded successfully - version: 4.0.5 - missing functions: none
symbol engine: initialized successfully - sym options: 0x614 - pdb path: .;C:\Program Files\Android\Android Studio\jre\bin;C:\WINDOWS\SYSTEM32;C:\WINDOWS\WinSxS\amd64_microsoft.windows.common-controls_6595b64144ccf1df_6.0.22000.120_none_9d947278b86cc467;C:\Program Files\Android\Android Studio\jre\bin\server

VM Arguments:
java_command: git4idea.http.GitAskPassApp Password for 'https://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@github.com': 
java_class_path (initial): C:/Program Files/Android/Android Studio/plugins/git4idea/lib/git4idea-rt.jar;C:/Program Files/Android/Android Studio/lib/3rd-party.jar;C:/Program Files/Android/Android Studio/lib/3rd-party-rt.jar
Launcher Type: SUN_STANDARD

[Global flags]
     intx CICompilerCount                          = 4                                         {product} {ergonomic}
     uint ConcGCThreads                            = 2                                         {product} {ergonomic}
     uint G1ConcRefinementThreads                  = 8                                         {product} {ergonomic}
   size_t G1HeapRegionSize                         = 1048576                                   {product} {ergonomic}
    uintx GCDrainStackTargetSize                   = 64                                        {product} {ergonomic}
   size_t InitialHeapSize                          = 268435456                                 {product} {ergonomic}
   size_t MarkStackSize                            = 4194304                                   {product} {ergonomic}
   size_t MaxHeapSize                              = 4263510016                                {product} {ergonomic}
   size_t MinHeapDeltaBytes                        = 1048576                                   {product} {ergonomic}
    uintx NonNMethodCodeHeapSize                   = 5836300                                {pd product} {ergonomic}
    uintx NonProfiledCodeHeapSize                  = 122910970                              {pd product} {ergonomic}
    uintx ProfiledCodeHeapSize                     = 122910970                              {pd product} {ergonomic}
    uintx ReservedCodeCacheSize                    = 251658240                              {pd product} {ergonomic}
     bool SegmentedCodeCache                       = true                                      {product} {ergonomic}
     bool UseCompressedClassPointers               = true                                 {lp64_product} {ergonomic}
     bool UseCompressedOops                        = true                                 {lp64_product} {ergonomic}
     bool UseG1GC                                  = true                                      {product} {ergonomic}
     bool UseLargePagesIndividualAllocation        = false                                  {pd product} {ergonomic}

Logging:
Log output configuration:
 #0: stdout all=warning uptime,level,tags
 #1: stderr all=off uptime,level,tags

Environment Variables:
JAVA_HOME=C:\Program Files\OpenJDK\openjdk-11.0.15_10
PATH=C:\Program Files\Git\mingw64\libexec\git-core;C:\Program Files\Git\mingw64\libexec\git-core;C:\Program Files\Git\mingw64\bin;C:\Program Files\Git\usr\bin;C:\Users\Lenovo\bin;C:\Program Files (x86)\Common Files\Oracle\Java\javapath;C:\ProgramData\Oracle\Java\javapath;C:\Program Files (x86)\Common Files\Intel\Shared Libraries\redist\intel64\compiler;C:\Windows\system32;C:\Windows;C:\Windows\System32\Wbem;C:\Windows\System32\WindowsPowerShell\v1.0;C:\Windows\System32\OpenSSH;C:\Program Files (x86)\NVIDIA Corporation\PhysX\Common;C:\WINDOWS\system32;C:\WINDOWS;C:\WINDOWS\System32\Wbem;C:\WINDOWS\System32\WindowsPowerShell\v1.0;C:\WINDOWS\System32\OpenSSH;C:\Program Files\NVIDIA Corporation\NVIDIA NvDLISR;C:\Program Files (x86)\Windows Live\Shared;C:\Users\Lenovo\AppData\Local\Programs\Python\Python39;C:\Users\Lenovo\anaconda3\Scripts;C:\Users\Lenovo\anaconda3\Library\bin;C:\Users\Lenovo\AppData\Local\Programs\Python\Python38-32\Scripts;C:\Program Files\NVIDIA GPU Computing Toolkit\CUDA\v11.1\lib\x64;C:\Program Files\NVIDIA GPU Computing Toolkit\CUDA\v11.1\extras\CUPTI\lib64;C:\Users\Lenovo\AppData\Roaming\Python\Python37\Scripts;C:\Program Files\Java\jdk-15.0.2\bin;G:\BANGKIT\Gradle\gradle-6.8.2\bin;C:\Program Files\Git\cmd;C:\WINDOWS\system32;C:\WINDOWS;C:\WINDOWS\System32\Wbem;C:\WINDOWS\System32\WindowsPowerShell\v1.0;C:\WINDOWS\System32\OpenSSH;C:\ProgramData\chocolatey\bin;C:\Program Files\OpenJDK\openjdk-11.0.15_10\bin;G:\SKRIPSI;C:\Program Files\nodejs;C:\Program Files\PuTTY;C:\Program Files\Cloudflare\Cloudflare WARP;C:\Users\Lenovo\AppData\Local\Programs\Python\Python39\Scripts;C:\Users\Lenovo\AppData\Local\Programs\Python\Python39;C:\Users\Lenovo\AppData\Local\Microsoft\WindowsApps;C:\Users\Lenovo\AppData\Local\Programs\Microsoft VS Code\bin;C:\Users\Lenovo\AppData\Local\GitHubDesktop\bin;C:\Program Files\JetBrains\IntelliJ IDEA Community Edition 2020.3.2\bin;C:\Users\Lenovo\AppData\Roaming\npm;C:\Users\Lenovo\AppData\Local\Android\Sdk\platform-tools;G:\SKRI
USERNAME=Lenovo
DISPLAY=:0.0
LC_ALL=en_US.UTF-8
OS=Windows_NT
PROCESSOR_IDENTIFIER=Intel64 Family 6 Model 158 Stepping 10, GenuineIntel



---------------  S Y S T E M  ---------------

OS: Windows 11 , 64 bit Build 22000 (10.0.22000.1219)
OS uptime: 6 days 0:25 hours

CPU:total 8 (initial active 8) (4 cores per cpu, 2 threads per core) family 6 model 158 stepping 10 microcode 0xde, cmov, cx8, fxsr, mmx, sse, sse2, sse3, ssse3, sse4.1, sse4.2, popcnt, avx, avx2, aes, clmul, erms, 3dnowpref, lzcnt, ht, tsc, tscinvbit, bmi1, bmi2, adx, fma

Memory: 4k page, system-wide physical 16258M (1707M free)
TotalPageFile size 21258M (AvailPageFile size 187M)
current process WorkingSet (physical memory assigned to process): 10M, peak: 10M
current process commit charge ("private bytes"): 60M, peak: 316M

vm_info: OpenJDK 64-Bit Server VM (11.0.13+0-b1751.21-8125866) for windows-amd64 JRE (11.0.13+0-b1751.21-8125866), built on Feb  2 2022 03:00:22 by "builder" with MS VC++ 14.0 (VS2015)

END.
